2025-07-09 18:49:23 [[31merror[39m]: ❌ MongoDB connection error: Could not connect to any servers in your MongoDB Atlas cluster. One common reason is that you're trying to access the database from an IP that isn't whitelisted. Make sure your current IP address is on your Atlas cluster's IP whitelist: https://www.mongodb.com/docs/atlas/security-whitelist/
2025-07-09 18:53:18 [[31merror[39m]: ❌ MongoDB connection error: querySrv ENOTFOUND _mongodb._tcp.cth-hub-cluster.2noepge.mongodb.net
2025-07-09 18:57:49 [[31merror[39m]: ❌ MongoDB connection error: querySrv ENOTFOUND _mongodb._tcp.cth-hub-cluster.2noepge.mongodb.net
2025-07-09 19:01:52 [[31merror[39m]: ❌ MongoDB connection error: querySrv ENOTFOUND _mongodb._tcp.cth-hub-cluster.2noepge.mongodb.net
2025-07-09 19:08:46 [[31merror[39m]: ❌ MongoDB connection error: querySrv ENOTFOUND _mongodb._tcp.cth-hub-cluster.2noepge.mongodb.net
2025-07-09 19:29:45 [[31merror[39m]: ❌ MongoDB connection error: querySrv ENOTFOUND _mongodb._tcp.cth-hub-cluster.2noepge.mongodb.net
2025-07-10 11:45:03 [[31merror[39m]: ❌ MongoDB connection error: querySrv ENOTFOUND _mongodb._tcp.cth-hub-cluster.2noepge.mongodb.net
2025-07-10 11:59:51 [[31merror[39m]: ❌ MongoDB connection error: querySrv ENOTFOUND _mongodb._tcp.cth-hub-cluster.2noepge.mongodb.net
2025-07-10 12:20:26 [[31merror[39m]: ❌ MongoDB connection error: querySrv ENOTFOUND _mongodb._tcp.cth-hub-cluster.2noepge.mongodb.net
2025-07-10 12:52:28 [[31merror[39m]: ❌ MongoDB connection error: bad auth : Authentication failed.
2025-07-10 13:20:38 [[31merror[39m]: ❌ MongoDB connection error: querySrv ENOTFOUND _mongodb._tcp.cth-hub-cluster.2noepge.mongodb.net
2025-07-10 16:22:21 [[31merror[39m]: ❌ MongoDB connection error: querySrv ENOTFOUND _mongodb._tcp.cth-hub-cluster.2noepge.mongodb.net
2025-07-10 16:29:42 [[31merror[39m]: ❌ MongoDB connection error: querySrv ENOTFOUND _mongodb._tcp.cth-hub-cluster.2noepge.mongodb.net
2025-07-18 09:22:23 [[31merror[39m]: ❌ MongoDB connection error: connection 1 to 159.41.192.40:27017 timed out
2025-07-23 13:56:21 [[31merror[39m]: ❌ MongoDB connection error: querySrv ENOTFOUND _mongodb._tcp.cth-hub-cluster.2noepge.mongodb.net
2025-07-31 22:43:02 [[31merror[39m]: ❌ MongoDB connection error: querySrv ECONNREFUSED _mongodb._tcp.cth-hub-cluster.2noepge.mongodb.net
2025-07-31 22:43:08 [[31merror[39m]: ❌ MongoDB connection error: querySrv ECONNREFUSED _mongodb._tcp.cth-hub-cluster.2noepge.mongodb.net
2025-07-31 22:43:57 [[31merror[39m]: ❌ MongoDB connection error: querySrv ENOTFOUND _mongodb._tcp.cth-hub-cluster.2noepge.mongodb.net
2025-07-31 23:26:14 [[31merror[39m]: ❌ MongoDB connection error: querySrv ESERVFAIL _mongodb._tcp.cth-hub-cluster.2noepge.mongodb.net
2025-08-01 13:30:22 [[31merror[39m]: ❌ MongoDB connection error: querySrv ENOTFOUND _mongodb._tcp.cth-hub-cluster.2noepge.mongodb.net
